# JRE version: Java(TM) SE Runtime Environment (8.0_321-b07) (build 1.8.0_321-b07)
# Java VM: Java HotSpot(TM) 64-Bit Server VM (25.321-b07 mixed mode windows-amd64 compressed oops)
Heap:
 PSYoungGen      total 2476544K, used 198130K [0x0000000715b00000, 0x00000007c0000000, 0x00000007c0000000)
  eden space 2278400K, 0% used [0x0000000715b00000,0x0000000715b00000,0x00000007a0c00000)
  from space 198144K, 99% used [0x00000007b3e80000,0x00000007bfffc808,0x00000007c0000000)
  to   space 256000K, 0% used [0x00000007a0c00000,0x00000007a0c00000,0x00000007b0600000)
 ParOldGen       total 349696K, used 280374K [0x00000005c1000000, 0x00000005d6580000, 0x0000000715b00000)
  object space 349696K, 80% used [0x00000005c1000000,0x00000005d21cd8d8,0x00000005d6580000)
 Metaspace       used 2922K, capacity 4552K, committed 4864K, reserved 1056768K
  class space    used 297K, capacity 388K, committed 512K, reserved 1048576K
GC Heap History (10 events):
Event: 0.758 GC heap after
Heap after GC invocations=6 (full 0):
 PSYoungGen      total 1105408K, used 53159K [0x0000000715b00000, 0x000000075e800000, 0x00000007c0000000)
  eden space 1043968K, 0% used [0x0000000715b00000,0x0000000715b00000,0x0000000755680000)
  from space 61440K, 86% used [0x0000000759b00000,0x000000075cee9ee0,0x000000075d700000)
  to   space 70144K, 0% used [0x0000000755680000,0x0000000755680000,0x0000000759b00000)
 ParOldGen       total 349696K, used 54304K [0x00000005c1000000, 0x00000005d6580000, 0x0000000715b00000)
  object space 349696K, 15% used [0x00000005c1000000,0x00000005c4508000,0x00000005d6580000)
 Metaspace       used 2922K, capacity 4552K, committed 4864K, reserved 1056768K
  class space    used 297K, capacity 388K, committed 512K, reserved 1048576K
}
Event: 1.109 GC heap before
{Heap before GC invocations=7 (full 0):
 PSYoungGen      total 1105408K, used 1097127K [0x0000000715b00000, 0x000000075e800000, 0x00000007c0000000)
  eden space 1043968K, 100% used [0x0000000715b00000,0x0000000755680000,0x0000000755680000)
  from space 61440K, 86% used [0x0000000759b00000,0x000000075cee9ee0,0x000000075d700000)
  to   space 70144K, 0% used [0x0000000755680000,0x0000000755680000,0x0000000759b00000)
 ParOldGen       total 349696K, used 54304K [0x00000005c1000000, 0x00000005d6580000, 0x0000000715b00000)
  object space 349696K, 15% used [0x00000005c1000000,0x00000005c4508000,0x00000005d6580000)
 Metaspace       used 2922K, capacity 4552K, committed 4864K, reserved 1056768K
  class space    used 297K, capacity 388K, committed 512K, reserved 1048576K
Event: 1.139 GC heap after
Heap after GC invocations=7 (full 0):
 PSYoungGen      total 1114112K, used 70143K [0x0000000715b00000, 0x00000007a2100000, 0x00000007c0000000)
  eden space 1043968K, 0% used [0x0000000715b00000,0x0000000715b00000,0x0000000755680000)
  from space 70144K, 99% used [0x0000000755680000,0x0000000759affc60,0x0000000759b00000)
  to   space 105984K, 0% used [0x000000079b980000,0x000000079b980000,0x00000007a2100000)
 ParOldGen       total 349696K, used 98861K [0x00000005c1000000, 0x00000005d6580000, 0x0000000715b00000)
  object space 349696K, 28% used [0x00000005c1000000,0x00000005c708b570,0x00000005d6580000)
 Metaspace       used 2922K, capacity 4552K, committed 4864K, reserved 1056768K
  class space    used 297K, capacity 388K, committed 512K, reserved 1048576K
}
Event: 1.394 GC heap before
{Heap before GC invocations=8 (full 0):
 PSYoungGen      total 1114112K, used 1114111K [0x0000000715b00000, 0x00000007a2100000, 0x00000007c0000000)
  eden space 1043968K, 100% used [0x0000000715b00000,0x0000000755680000,0x0000000755680000)
  from space 70144K, 99% used [0x0000000755680000,0x0000000759affc60,0x0000000759b00000)
  to   space 105984K, 0% used [0x000000079b980000,0x000000079b980000,0x00000007a2100000)
 ParOldGen       total 349696K, used 98861K [0x00000005c1000000, 0x00000005d6580000, 0x0000000715b00000)
  object space 349696K, 28% used [0x00000005c1000000,0x00000005c708b570,0x00000005d6580000)
 Metaspace       used 2922K, capacity 4552K, committed 4864K, reserved 1056768K
  class space    used 297K, capacity 388K, committed 512K, reserved 1048576K
Event: 1.424 GC heap after
Heap after GC invocations=8 (full 0):
 PSYoungGen      total 2162688K, used 105981K [0x0000000715b00000, 0x00000007a5e00000, 0x00000007c0000000)
  eden space 2056704K, 0% used [0x0000000715b00000,0x0000000715b00000,0x0000000793380000)
  from space 105984K, 99% used [0x000000079b980000,0x00000007a20ff568,0x00000007a2100000)
  to   space 137216K, 0% used [0x0000000793380000,0x0000000793380000,0x000000079b980000)
 ParOldGen       total 349696K, used 125078K [0x00000005c1000000, 0x00000005d6580000, 0x0000000715b00000)
  object space 349696K, 35% used [0x00000005c1000000,0x00000005c8a258d8,0x00000005d6580000)
 Metaspace       used 2922K, capacity 4552K, committed 4864K, reserved 1056768K
  class space    used 297K, capacity 388K, committed 512K, reserved 1048576K
}
Event: 2.107 GC heap before
{Heap before GC invocations=9 (full 0):
 PSYoungGen      total 2162688K, used 2162685K [0x0000000715b00000, 0x00000007a5e00000, 0x00000007c0000000)
  eden space 2056704K, 100% used [0x0000000715b00000,0x0000000793380000,0x0000000793380000)
  from space 105984K, 99% used [0x000000079b980000,0x00000007a20ff568,0x00000007a2100000)
  to   space 137216K, 0% used [0x0000000793380000,0x0000000793380000,0x000000079b980000)
 ParOldGen       total 349696K, used 125078K [0x00000005c1000000, 0x00000005d6580000, 0x0000000715b00000)
  object space 349696K, 35% used [0x00000005c1000000,0x00000005c8a258d8,0x00000005d6580000)
 Metaspace       used 2922K, capacity 4552K, committed 4864K, reserved 1056768K
  class space    used 297K, capacity 388K, committed 512K, reserved 1048576K
Event: 2.161 GC heap after
Heap after GC invocations=9 (full 0):
 PSYoungGen      total 2193920K, used 137196K [0x0000000715b00000, 0x00000007c0000000, 0x00000007c0000000)
  eden space 2056704K, 0% used [0x0000000715b00000,0x0000000715b00000,0x0000000793380000)
  from space 137216K, 99% used [0x0000000793380000,0x000000079b97b010,0x000000079b980000)
  to   space 198144K, 0% used [0x00000007b3e80000,0x00000007b3e80000,0x00000007c0000000)
 ParOldGen       total 349696K, used 216238K [0x00000005c1000000, 0x00000005d6580000, 0x0000000715b00000)
  object space 349696K, 61% used [0x00000005c1000000,0x00000005ce32b8d8,0x00000005d6580000)
 Metaspace       used 2922K, capacity 4552K, committed 4864K, reserved 1056768K
  class space    used 297K, capacity 388K, committed 512K, reserved 1048576K
}
Event: 2.661 GC heap before
{Heap before GC invocations=10 (full 0):
 PSYoungGen      total 2193920K, used 2193900K [0x0000000715b00000, 0x00000007c0000000, 0x00000007c0000000)
  eden space 2056704K, 100% used [0x0000000715b00000,0x0000000793380000,0x0000000793380000)
  from space 137216K, 99% used [0x0000000793380000,0x000000079b97b010,0x000000079b980000)
  to   space 198144K, 0% used [0x00000007b3e80000,0x00000007b3e80000,0x00000007c0000000)
 ParOldGen       total 349696K, used 216238K [0x00000005c1000000, 0x00000005d6580000, 0x0000000715b00000)
  object space 349696K, 61% used [0x00000005c1000000,0x00000005ce32b8d8,0x00000005d6580000)
 Metaspace       used 2922K, capacity 4552K, committed 4864K, reserved 1056768K
  class space    used 297K, capacity 388K, committed 512K, reserved 1048576K
Event: 2.720 GC heap after
Heap after GC invocations=10 (full 0):
 PSYoungGen      total 2476544K, used 198130K [0x0000000715b00000, 0x00000007c0000000, 0x00000007c0000000)
  eden space 2278400K, 0% used [0x0000000715b00000,0x0000000715b00000,0x00000007a0c00000)
  from space 198144K, 99% used [0x00000007b3e80000,0x00000007bfffc808,0x00000007c0000000)
  to   space 256000K, 0% used [0x00000007a0c00000,0x00000007a0c00000,0x00000007b0600000)
 ParOldGen       total 349696K, used 280374K [0x00000005c1000000, 0x00000005d6580000, 0x0000000715b00000)
  object space 349696K, 80% used [0x00000005c1000000,0x00000005d21cd8d8,0x00000005d6580000)
 Metaspace       used 2922K, capacity 4552K, committed 4864K, reserved 1056768K
  class space    used 297K, capacity 388K, committed 512K, reserved 1048576K
}
Event: 2.720 GC heap before
{Heap before GC invocations=11 (full 1):
 PSYoungGen      total 2476544K, used 198130K [0x0000000715b00000, 0x00000007c0000000, 0x00000007c0000000)
  eden space 2278400K, 0% used [0x0000000715b00000,0x0000000715b00000,0x00000007a0c00000)
  from space 198144K, 99% used [0x00000007b3e80000,0x00000007bfffc808,0x00000007c0000000)
  to   space 256000K, 0% used [0x00000007a0c00000,0x00000007a0c00000,0x00000007b0600000)
 ParOldGen       total 349696K, used 280374K [0x00000005c1000000, 0x00000005d6580000, 0x0000000715b00000)
  object space 349696K, 80% used [0x00000005c1000000,0x00000005d21cd8d8,0x00000005d6580000)
 Metaspace       used 2922K, capacity 4552K, committed 4864K, reserved 1056768K
  class space    used 297K, capacity 388K, committed 512K, reserved 1048576K

