# JRE version: Java(TM) SE Runtime Environment (8.0_321-b07) (build 1.8.0_321-b07)
# Java VM: Java HotSpot(TM) 64-Bit Server VM (25.321-b07 mixed mode windows-amd64 compressed oops)
Heap:
 PSYoungGen      total 2477568K, used 198130K [0x0000000715b00000, 0x00000007c0000000, 0x00000007c0000000)
  eden space 2279424K, 0% used [0x0000000715b00000,0x0000000715b00000,0x00000007a0d00000)
  from space 198144K, 99% used [0x00000007b3e80000,0x00000007bfffc808,0x00000007c0000000)
  to   space 255488K, 0% used [0x00000007a0d00000,0x00000007a0d00000,0x00000007b0680000)
 ParOldGen       total 349696K, used 279590K [0x00000005c1000000, 0x00000005d6580000, 0x0000000715b00000)
  object space 349696K, 79% used [0x00000005c1000000,0x00000005d21098d8,0x00000005d6580000)
 Metaspace       used 2928K, capacity 4552K, committed 4864K, reserved 1056768K
  class space    used 298K, capacity 388K, committed 512K, reserved 1048576K
GC Heap History (10 events):
Event: 0.756 GC heap after
Heap after GC invocations=6 (full 0):
 PSYoungGen      total 1104896K, used 53143K [0x0000000715b00000, 0x000000075e700000, 0x00000007c0000000)
  eden space 1043968K, 0% used [0x0000000715b00000,0x0000000715b00000,0x0000000755680000)
  from space 60928K, 87% used [0x0000000759a80000,0x000000075ce65ed0,0x000000075d600000)
  to   space 69632K, 0% used [0x0000000755680000,0x0000000755680000,0x0000000759a80000)
 ParOldGen       total 349696K, used 53536K [0x00000005c1000000, 0x00000005d6580000, 0x0000000715b00000)
  object space 349696K, 15% used [0x00000005c1000000,0x00000005c4448000,0x00000005d6580000)
 Metaspace       used 2928K, capacity 4552K, committed 4864K, reserved 1056768K
  class space    used 298K, capacity 388K, committed 512K, reserved 1048576K
}
Event: 1.097 GC heap before
{Heap before GC invocations=7 (full 0):
 PSYoungGen      total 1104896K, used 1097111K [0x0000000715b00000, 0x000000075e700000, 0x00000007c0000000)
  eden space 1043968K, 100% used [0x0000000715b00000,0x0000000755680000,0x0000000755680000)
  from space 60928K, 87% used [0x0000000759a80000,0x000000075ce65ed0,0x000000075d600000)
  to   space 69632K, 0% used [0x0000000755680000,0x0000000755680000,0x0000000759a80000)
 ParOldGen       total 349696K, used 53536K [0x00000005c1000000, 0x00000005d6580000, 0x0000000715b00000)
  object space 349696K, 15% used [0x00000005c1000000,0x00000005c4448000,0x00000005d6580000)
 Metaspace       used 2928K, capacity 4552K, committed 4864K, reserved 1056768K
  class space    used 298K, capacity 388K, committed 512K, reserved 1048576K
Event: 1.127 GC heap after
Heap after GC invocations=7 (full 0):
 PSYoungGen      total 1113600K, used 69631K [0x0000000715b00000, 0x00000007a2100000, 0x00000007c0000000)
  eden space 1043968K, 0% used [0x0000000715b00000,0x0000000715b00000,0x0000000755680000)
  from space 69632K, 99% used [0x0000000755680000,0x0000000759a7fc60,0x0000000759a80000)
  to   space 105984K, 0% used [0x000000079b980000,0x000000079b980000,0x00000007a2100000)
 ParOldGen       total 349696K, used 98597K [0x00000005c1000000, 0x00000005d6580000, 0x0000000715b00000)
  object space 349696K, 28% used [0x00000005c1000000,0x00000005c7049570,0x00000005d6580000)
 Metaspace       used 2928K, capacity 4552K, committed 4864K, reserved 1056768K
  class space    used 298K, capacity 388K, committed 512K, reserved 1048576K
}
Event: 1.377 GC heap before
{Heap before GC invocations=8 (full 0):
 PSYoungGen      total 1113600K, used 1113599K [0x0000000715b00000, 0x00000007a2100000, 0x00000007c0000000)
  eden space 1043968K, 100% used [0x0000000715b00000,0x0000000755680000,0x0000000755680000)
  from space 69632K, 99% used [0x0000000755680000,0x0000000759a7fc60,0x0000000759a80000)
  to   space 105984K, 0% used [0x000000079b980000,0x000000079b980000,0x00000007a2100000)
 ParOldGen       total 349696K, used 98597K [0x00000005c1000000, 0x00000005d6580000, 0x0000000715b00000)
  object space 349696K, 28% used [0x00000005c1000000,0x00000005c7049570,0x00000005d6580000)
 Metaspace       used 2928K, capacity 4552K, committed 4864K, reserved 1056768K
  class space    used 298K, capacity 388K, committed 512K, reserved 1048576K
Event: 1.408 GC heap after
Heap after GC invocations=8 (full 0):
 PSYoungGen      total 2162688K, used 105981K [0x0000000715b00000, 0x00000007a5e00000, 0x00000007c0000000)
  eden space 2056704K, 0% used [0x0000000715b00000,0x0000000715b00000,0x0000000793380000)
  from space 105984K, 99% used [0x000000079b980000,0x00000007a20ff568,0x00000007a2100000)
  to   space 137216K, 0% used [0x0000000793380000,0x0000000793380000,0x000000079b980000)
 ParOldGen       total 349696K, used 124310K [0x00000005c1000000, 0x00000005d6580000, 0x0000000715b00000)
  object space 349696K, 35% used [0x00000005c1000000,0x00000005c89658d8,0x00000005d6580000)
 Metaspace       used 2928K, capacity 4552K, committed 4864K, reserved 1056768K
  class space    used 298K, capacity 388K, committed 512K, reserved 1048576K
}
Event: 2.072 GC heap before
{Heap before GC invocations=9 (full 0):
 PSYoungGen      total 2162688K, used 2162685K [0x0000000715b00000, 0x00000007a5e00000, 0x00000007c0000000)
  eden space 2056704K, 100% used [0x0000000715b00000,0x0000000793380000,0x0000000793380000)
  from space 105984K, 99% used [0x000000079b980000,0x00000007a20ff568,0x00000007a2100000)
  to   space 137216K, 0% used [0x0000000793380000,0x0000000793380000,0x000000079b980000)
 ParOldGen       total 349696K, used 124310K [0x00000005c1000000, 0x00000005d6580000, 0x0000000715b00000)
  object space 349696K, 35% used [0x00000005c1000000,0x00000005c89658d8,0x00000005d6580000)
 Metaspace       used 2928K, capacity 4552K, committed 4864K, reserved 1056768K
  class space    used 298K, capacity 388K, committed 512K, reserved 1048576K
Event: 2.125 GC heap after
Heap after GC invocations=9 (full 0):
 PSYoungGen      total 2193920K, used 137196K [0x0000000715b00000, 0x00000007c0000000, 0x00000007c0000000)
  eden space 2056704K, 0% used [0x0000000715b00000,0x0000000715b00000,0x0000000793380000)
  from space 137216K, 99% used [0x0000000793380000,0x000000079b97b010,0x000000079b980000)
  to   space 198144K, 0% used [0x00000007b3e80000,0x00000007b3e80000,0x00000007c0000000)
 ParOldGen       total 349696K, used 215454K [0x00000005c1000000, 0x00000005d6580000, 0x0000000715b00000)
  object space 349696K, 61% used [0x00000005c1000000,0x00000005ce2678d8,0x00000005d6580000)
 Metaspace       used 2928K, capacity 4552K, committed 4864K, reserved 1056768K
  class space    used 298K, capacity 388K, committed 512K, reserved 1048576K
}
Event: 2.614 GC heap before
{Heap before GC invocations=10 (full 0):
 PSYoungGen      total 2193920K, used 2193900K [0x0000000715b00000, 0x00000007c0000000, 0x00000007c0000000)
  eden space 2056704K, 100% used [0x0000000715b00000,0x0000000793380000,0x0000000793380000)
  from space 137216K, 99% used [0x0000000793380000,0x000000079b97b010,0x000000079b980000)
  to   space 198144K, 0% used [0x00000007b3e80000,0x00000007b3e80000,0x00000007c0000000)
 ParOldGen       total 349696K, used 215454K [0x00000005c1000000, 0x00000005d6580000, 0x0000000715b00000)
  object space 349696K, 61% used [0x00000005c1000000,0x00000005ce2678d8,0x00000005d6580000)
 Metaspace       used 2928K, capacity 4552K, committed 4864K, reserved 1056768K
  class space    used 298K, capacity 388K, committed 512K, reserved 1048576K
Event: 2.673 GC heap after
Heap after GC invocations=10 (full 0):
 PSYoungGen      total 2477568K, used 198130K [0x0000000715b00000, 0x00000007c0000000, 0x00000007c0000000)
  eden space 2279424K, 0% used [0x0000000715b00000,0x0000000715b00000,0x00000007a0d00000)
  from space 198144K, 99% used [0x00000007b3e80000,0x00000007bfffc808,0x00000007c0000000)
  to   space 255488K, 0% used [0x00000007a0d00000,0x00000007a0d00000,0x00000007b0680000)
 ParOldGen       total 349696K, used 279590K [0x00000005c1000000, 0x00000005d6580000, 0x0000000715b00000)
  object space 349696K, 79% used [0x00000005c1000000,0x00000005d21098d8,0x00000005d6580000)
 Metaspace       used 2928K, capacity 4552K, committed 4864K, reserved 1056768K
  class space    used 298K, capacity 388K, committed 512K, reserved 1048576K
}
Event: 2.673 GC heap before
{Heap before GC invocations=11 (full 1):
 PSYoungGen      total 2477568K, used 198130K [0x0000000715b00000, 0x00000007c0000000, 0x00000007c0000000)
  eden space 2279424K, 0% used [0x0000000715b00000,0x0000000715b00000,0x00000007a0d00000)
  from space 198144K, 99% used [0x00000007b3e80000,0x00000007bfffc808,0x00000007c0000000)
  to   space 255488K, 0% used [0x00000007a0d00000,0x00000007a0d00000,0x00000007b0680000)
 ParOldGen       total 349696K, used 279590K [0x00000005c1000000, 0x00000005d6580000, 0x0000000715b00000)
  object space 349696K, 79% used [0x00000005c1000000,0x00000005d21098d8,0x00000005d6580000)
 Metaspace       used 2928K, capacity 4552K, committed 4864K, reserved 1056768K
  class space    used 298K, capacity 388K, committed 512K, reserved 1048576K

