# JRE version: Java(TM) SE Runtime Environment (8.0_321-b07) (build 1.8.0_321-b07)
# Java VM: Java HotSpot(TM) 64-Bit Server VM (25.321-b07 mixed mode windows-amd64 compressed oops)
Heap:
 PSYoungGen      total 2629120K, used 2556342K [0x0000000715b00000, 0x00000007c0000000, 0x00000007c0000000)
  eden space 2480128K, 100% used [0x0000000715b00000,0x00000007ad100000,0x00000007ad100000)
  from space 148992K, 51% used [0x00000007b6e80000,0x00000007bb8ed8f0,0x00000007c0000000)
  to   space 155136K, 69% used [0x00000007ad100000,0x00000007b3a08000,0x00000007b6880000)
 ParOldGen       total 677888K, used 401539K [0x00000005c1000000, 0x00000005ea600000, 0x0000000715b00000)
  object space 677888K, 59% used [0x00000005c1000000,0x00000005d9820c98,0x00000005ea600000)
 Metaspace       used 5228K, capacity 5330K, committed 5504K, reserved 1056768K
  class space    used 530K, capacity 561K, committed 640K, reserved 1048576K
GC Heap History (10 events):
Event: 1.457 GC heap after
Heap after GC invocations=9 (full 0):
 PSYoungGen      total 1107968K, used 82430K [0x0000000715b00000, 0x0000000787a80000, 0x00000007c0000000)
  eden space 1025536K, 0% used [0x0000000715b00000,0x0000000715b00000,0x0000000754480000)
  from space 82432K, 99% used [0x0000000754480000,0x00000007594ff8f8,0x0000000759500000)
  to   space 113152K, 0% used [0x0000000780c00000,0x0000000780c00000,0x0000000787a80000)
 ParOldGen       total 349696K, used 95332K [0x00000005c1000000, 0x00000005d6580000, 0x0000000715b00000)
  object space 349696K, 27% used [0x00000005c1000000,0x00000005c6d193f8,0x00000005d6580000)
 Metaspace       used 5228K, capacity 5330K, committed 5504K, reserved 1056768K
  class space    used 530K, capacity 561K, committed 640K, reserved 1048576K
}
Event: 1.731 GC heap before
{Heap before GC invocations=10 (full 0):
 PSYoungGen      total 1107968K, used 1107966K [0x0000000715b00000, 0x0000000787a80000, 0x00000007c0000000)
  eden space 1025536K, 100% used [0x0000000715b00000,0x0000000754480000,0x0000000754480000)
  from space 82432K, 99% used [0x0000000754480000,0x00000007594ff8f8,0x0000000759500000)
  to   space 113152K, 0% used [0x0000000780c00000,0x0000000780c00000,0x0000000787a80000)
 ParOldGen       total 349696K, used 95332K [0x00000005c1000000, 0x00000005d6580000, 0x0000000715b00000)
  object space 349696K, 27% used [0x00000005c1000000,0x00000005c6d193f8,0x00000005d6580000)
 Metaspace       used 5228K, capacity 5330K, committed 5504K, reserved 1056768K
  class space    used 530K, capacity 561K, committed 640K, reserved 1048576K
Event: 1.762 GC heap after
Heap after GC invocations=10 (full 0):
 PSYoungGen      total 1724928K, used 113149K [0x0000000715b00000, 0x000000078b380000, 0x00000007c0000000)
  eden space 1611776K, 0% used [0x0000000715b00000,0x0000000715b00000,0x0000000778100000)
  from space 113152K, 99% used [0x0000000780c00000,0x0000000787a7f568,0x0000000787a80000)
  to   space 142336K, 0% used [0x0000000778100000,0x0000000778100000,0x0000000780c00000)
 ParOldGen       total 349696K, used 124236K [0x00000005c1000000, 0x00000005d6580000, 0x0000000715b00000)
  object space 349696K, 35% used [0x00000005c1000000,0x00000005c89533f8,0x00000005d6580000)
 Metaspace       used 5228K, capacity 5330K, committed 5504K, reserved 1056768K
  class space    used 530K, capacity 561K, committed 640K, reserved 1048576K
}
Event: 2.277 GC heap before
{Heap before GC invocations=11 (full 0):
 PSYoungGen      total 1724928K, used 1724925K [0x0000000715b00000, 0x000000078b380000, 0x00000007c0000000)
  eden space 1611776K, 100% used [0x0000000715b00000,0x0000000778100000,0x0000000778100000)
  from space 113152K, 99% used [0x0000000780c00000,0x0000000787a7f568,0x0000000787a80000)
  to   space 142336K, 0% used [0x0000000778100000,0x0000000778100000,0x0000000780c00000)
 ParOldGen       total 349696K, used 124236K [0x00000005c1000000, 0x00000005d6580000, 0x0000000715b00000)
  object space 349696K, 35% used [0x00000005c1000000,0x00000005c89533f8,0x00000005d6580000)
 Metaspace       used 5228K, capacity 5330K, committed 5504K, reserved 1056768K
  class space    used 530K, capacity 561K, committed 640K, reserved 1048576K
Event: 2.327 GC heap after
Heap after GC invocations=11 (full 0):
 PSYoungGen      total 1754112K, used 96812K [0x0000000715b00000, 0x00000007c0000000, 0x00000007c0000000)
  eden space 1611776K, 0% used [0x0000000715b00000,0x0000000715b00000,0x0000000778100000)
  from space 142336K, 68% used [0x0000000778100000,0x000000077df8b010,0x0000000780c00000)
  to   space 148992K, 0% used [0x00000007b6e80000,0x00000007b6e80000,0x00000007c0000000)
 ParOldGen       total 349696K, used 234596K [0x00000005c1000000, 0x00000005d6580000, 0x0000000715b00000)
  object space 349696K, 67% used [0x00000005c1000000,0x00000005cf5193f8,0x00000005d6580000)
 Metaspace       used 5228K, capacity 5330K, committed 5504K, reserved 1056768K
  class space    used 530K, capacity 561K, committed 640K, reserved 1048576K
}
Event: 2.758 GC heap before
{Heap before GC invocations=12 (full 0):
 PSYoungGen      total 1754112K, used 1708588K [0x0000000715b00000, 0x00000007c0000000, 0x00000007c0000000)
  eden space 1611776K, 100% used [0x0000000715b00000,0x0000000778100000,0x0000000778100000)
  from space 142336K, 68% used [0x0000000778100000,0x000000077df8b010,0x0000000780c00000)
  to   space 148992K, 0% used [0x00000007b6e80000,0x00000007b6e80000,0x00000007c0000000)
 ParOldGen       total 349696K, used 234596K [0x00000005c1000000, 0x00000005d6580000, 0x0000000715b00000)
  object space 349696K, 67% used [0x00000005c1000000,0x00000005cf5193f8,0x00000005d6580000)
 Metaspace       used 5228K, capacity 5330K, committed 5504K, reserved 1056768K
  class space    used 530K, capacity 561K, committed 640K, reserved 1048576K
Event: 2.806 GC heap after
Heap after GC invocations=12 (full 0):
 PSYoungGen      total 2629120K, used 101106K [0x0000000715b00000, 0x00000007c0000000, 0x00000007c0000000)
  eden space 2480128K, 0% used [0x0000000715b00000,0x0000000715b00000,0x00000007ad100000)
  from space 148992K, 67% used [0x00000007b6e80000,0x00000007bd13c808,0x00000007c0000000)
  to   space 155136K, 0% used [0x00000007ad100000,0x00000007ad100000,0x00000007b6880000)
 ParOldGen       total 349696K, used 326788K [0x00000005c1000000, 0x00000005d6580000, 0x0000000715b00000)
  object space 349696K, 93% used [0x00000005c1000000,0x00000005d4f213f8,0x00000005d6580000)
 Metaspace       used 5228K, capacity 5330K, committed 5504K, reserved 1056768K
  class space    used 530K, capacity 561K, committed 640K, reserved 1048576K
}
Event: 2.806 GC heap before
{Heap before GC invocations=13 (full 1):
 PSYoungGen      total 2629120K, used 101106K [0x0000000715b00000, 0x00000007c0000000, 0x00000007c0000000)
  eden space 2480128K, 0% used [0x0000000715b00000,0x0000000715b00000,0x00000007ad100000)
  from space 148992K, 67% used [0x00000007b6e80000,0x00000007bd13c808,0x00000007c0000000)
  to   space 155136K, 0% used [0x00000007ad100000,0x00000007ad100000,0x00000007b6880000)
 ParOldGen       total 349696K, used 326788K [0x00000005c1000000, 0x00000005d6580000, 0x0000000715b00000)
  object space 349696K, 93% used [0x00000005c1000000,0x00000005d4f213f8,0x00000005d6580000)
 Metaspace       used 5228K, capacity 5330K, committed 5504K, reserved 1056768K
  class space    used 530K, capacity 561K, committed 640K, reserved 1048576K
Event: 4.200 GC heap after
Heap after GC invocations=13 (full 1):
 PSYoungGen      total 2629120K, used 76214K [0x0000000715b00000, 0x00000007c0000000, 0x00000007c0000000)
  eden space 2480128K, 0% used [0x0000000715b00000,0x0000000715b00000,0x00000007ad100000)
  from space 148992K, 51% used [0x00000007b6e80000,0x00000007bb8ed8f0,0x00000007c0000000)
  to   space 155136K, 0% used [0x00000007ad100000,0x00000007ad100000,0x00000007b6880000)
 ParOldGen       total 677888K, used 349539K [0x00000005c1000000, 0x00000005ea600000, 0x0000000715b00000)
  object space 677888K, 51% used [0x00000005c1000000,0x00000005d6558c98,0x00000005ea600000)
 Metaspace       used 5228K, capacity 5330K, committed 5504K, reserved 1056768K
  class space    used 530K, capacity 561K, committed 640K, reserved 1048576K
}
Event: 4.968 GC heap before
{Heap before GC invocations=14 (full 1):
 PSYoungGen      total 2629120K, used 2556342K [0x0000000715b00000, 0x00000007c0000000, 0x00000007c0000000)
  eden space 2480128K, 100% used [0x0000000715b00000,0x00000007ad100000,0x00000007ad100000)
  from space 148992K, 51% used [0x00000007b6e80000,0x00000007bb8ed8f0,0x00000007c0000000)
  to   space 155136K, 0% used [0x00000007ad100000,0x00000007ad100000,0x00000007b6880000)
 ParOldGen       total 677888K, used 349539K [0x00000005c1000000, 0x00000005ea600000, 0x0000000715b00000)
  object space 677888K, 51% used [0x00000005c1000000,0x00000005d6558c98,0x00000005ea600000)
 Metaspace       used 5228K, capacity 5330K, committed 5504K, reserved 1056768K
  class space    used 530K, capacity 561K, committed 640K, reserved 1048576K

